<?xml version="1.0" encoding="UTF-8"?>
<testng-results skipped="0" failed="0" ignored="0" total="1" passed="1">
  <reporter-output>
  </reporter-output>
  <suite name="Default suite" duration-ms="7064" started-at="2020-04-08T13:10:55Z" finished-at="2020-04-08T13:11:02Z">
    <groups>
      <group name="cucumber">
        <method signature="AbstractTestNGCucumberTests.runScenario(io.cucumber.testng.PickleEventWrapper, io.cucumber.testng.CucumberFeatureWrapper)[pri:0, instance:facebook.TestRunner@4f638935]" name="runScenario" class="io.cucumber.testng.AbstractTestNGCucumberTests"/>
      </group> <!-- cucumber -->
    </groups>
    <test name="Default test" duration-ms="7064" started-at="2020-04-08T13:10:55Z" finished-at="2020-04-08T13:11:02Z">
      <class name="facebook.TestRunner">
        <test-method status="PASS" signature="setUpClass()[pri:0, instance:facebook.TestRunner@4f638935]" name="setUpClass" is-config="true" duration-ms="132" started-at="2020-04-08T13:10:55Z" finished-at="2020-04-08T13:10:55Z">
          <reporter-output>
          </reporter-output>
        </test-method> <!-- setUpClass -->
        <test-method status="PASS" signature="runScenario(io.cucumber.testng.PickleEventWrapper, io.cucumber.testng.CucumberFeatureWrapper)[pri:0, instance:facebook.TestRunner@4f638935]" name="runScenario" duration-ms="6528" started-at="2020-04-08T13:10:55Z" description="Runs Cucumber Scenarios" data-provider="scenarios" finished-at="2020-04-08T13:11:02Z">
          <params>
            <param index="0">
              <value>
                <![CDATA["Test login"]]>
              </value>
            </param>
            <param index="1">
              <value>
                <![CDATA["Test Facebook smoke scenario"]]>
              </value>
            </param>
          </params>
          <reporter-output>
          </reporter-output>
        </test-method> <!-- runScenario -->
        <test-method status="PASS" signature="tearDownClass()[pri:0, instance:facebook.TestRunner@4f638935]" name="tearDownClass" is-config="true" duration-ms="361" started-at="2020-04-08T13:11:02Z" finished-at="2020-04-08T13:11:02Z">
          <reporter-output>
          </reporter-output>
        </test-method> <!-- tearDownClass -->
      </class> <!-- facebook.TestRunner -->
    </test> <!-- Default test -->
  </suite> <!-- Default suite -->
</testng-results>
